<?xml version="1.0" encoding="UTF-8"?>
<testng-results ignored="0" total="3" passed="3" failed="0" skipped="0">
  <reporter-output>
  </reporter-output>
  <suite started-at="2019-05-05T06:37:09Z" name="Suite" finished-at="2019-05-05T06:37:09Z" duration-ms="161">
    <groups>
    </groups>
    <test started-at="2019-05-05T06:37:09Z" name="Test" finished-at="2019-05-05T06:37:09Z" duration-ms="161">
      <class name="test.monday">
        <test-method signature="m1()[pri:0, instance:test.monday@2b546384]" started-at="2019-05-05T06:37:09Z" name="m1" finished-at="2019-05-05T06:37:09Z" duration-ms="15" status="PASS">
          <reporter-output>
          </reporter-output>
        </test-method> <!-- m1 -->
      </class> <!-- test.monday -->
      <class name="test.sunday">
        <test-method signature="m1()[pri:0, instance:test.sunday@25b485ba]" started-at="2019-05-05T06:37:09Z" name="m1" finished-at="2019-05-05T06:37:09Z" duration-ms="41" status="PASS">
          <reporter-output>
          </reporter-output>
        </test-method> <!-- m1 -->
        <test-method signature="m2()[pri:0, instance:test.sunday@25b485ba]" started-at="2019-05-05T06:37:09Z" name="m2" finished-at="2019-05-05T06:37:09Z" duration-ms="15" status="PASS">
          <reporter-output>
          </reporter-output>
        </test-method> <!-- m2 -->
      </class> <!-- test.sunday -->
    </test> <!-- Test -->
  </suite> <!-- Suite -->
</testng-results>
